# JRE version: Java(TM) SE Runtime Environment (9.0+11) (build 9.0.1+11)
# Java VM: Java HotSpot(TM) 64-Bit Server VM (9.0.1+11, mixed mode, tiered, compressed oops, g1 gc, linux-amd64)
Heap:
 garbage-first heap   total 178176K, used 5194K [0x00000000c7400000, 0x00000000c7500570, 0x0000000100000000)
  region size 1024K, 1 young (1024K), 1 survivors (1024K)
 Metaspace       used 11923K, capacity 12236K, committed 12416K, reserved 1060864K
  class space    used 1201K, capacity 1305K, committed 1408K, reserved 1048576K
GC Heap History (7 events):
Event: 5,368 GC heap before
{Heap before GC invocations=0 (full 0):
 garbage-first heap   total 59392K, used 7168K [0x00000000c7400000, 0x00000000c75001d0, 0x0000000100000000)
  region size 1024K, 7 young (7168K), 0 survivors (0K)
 Metaspace       used 7466K, capacity 7654K, committed 7936K, reserved 1056768K
  class space    used 644K, capacity 713K, committed 768K, reserved 1048576K
}
Event: 5,454 GC heap after
{Heap after GC invocations=1 (full 0):
 garbage-first heap   total 59392K, used 2838K [0x00000000c7400000, 0x00000000c75001d0, 0x0000000100000000)
  region size 1024K, 1 young (1024K), 1 survivors (1024K)
 Metaspace       used 7466K, capacity 7654K, committed 7936K, reserved 1056768K
  class space    used 644K, capacity 713K, committed 768K, reserved 1048576K
}
Event: 9,106 GC heap before
{Heap before GC invocations=1 (full 0):
 garbage-first heap   total 59392K, used 5910K [0x00000000c7400000, 0x00000000c75001d0, 0x0000000100000000)
  region size 1024K, 4 young (4096K), 1 survivors (1024K)
 Metaspace       used 8751K, capacity 8984K, committed 9088K, reserved 1056768K
  class space    used 780K, capacity 851K, committed 896K, reserved 1048576K
}
Event: 9,171 GC heap after
{Heap after GC invocations=2 (full 0):
 garbage-first heap   total 59392K, used 3901K [0x00000000c7400000, 0x00000000c75001d0, 0x0000000100000000)
  region size 1024K, 1 young (1024K), 1 survivors (1024K)
 Metaspace       used 8751K, capacity 8984K, committed 9088K, reserved 1056768K
  class space    used 780K, capacity 851K, committed 896K, reserved 1048576K
}
Event: 14,192 GC heap before
{Heap before GC invocations=2 (full 0):
 garbage-first heap   total 59392K, used 9021K [0x00000000c7400000, 0x00000000c75001d0, 0x0000000100000000)
  region size 1024K, 6 young (6144K), 1 survivors (1024K)
 Metaspace       used 10372K, capacity 10600K, committed 10880K, reserved 1058816K
  class space    used 1000K, capacity 1065K, committed 1152K, reserved 1048576K
}
Event: 14,355 GC heap after
{Heap after GC invocations=3 (full 0):
 garbage-first heap   total 59392K, used 4753K [0x00000000c7400000, 0x00000000c75001d0, 0x0000000100000000)
  region size 1024K, 1 young (1024K), 1 survivors (1024K)
 Metaspace       used 10372K, capacity 10600K, committed 10880K, reserved 1058816K
  class space    used 1000K, capacity 1065K, committed 1152K, reserved 1048576K
}
Event: 22,374 GC heap before
{Heap before GC invocations=3 (full 0):
 garbage-first heap   total 59392K, used 9873K [0x00000000c7400000, 0x00000000c75001d0, 0x0000000100000000)
  region size 1024K, 6 young (6144K), 1 survivors (1024K)
 Metaspace       used 11923K, capacity 12236K, committed 12416K, reserved 1060864K
  class space    used 1201K, capacity 1305K, committed 1408K, reserved 1048576K
}

